  Enemy.cpp
C:\DxLib_VC\プロジェクトに追加すべきファイル_VC用\DxLib.h(3344,1): warning C4819: ファイルは、現在のコード ページ (932) で表示できない文字を含んでいます。データの損失を防ぐために、ファイルを Unicode 形式で保存してください。
C:\Users\fko2347062\Documents\GitHub\Game3\Game3D\Enemy.cpp(69,13): warning C4552: '-': 式の結果が使用されていません
  Player.cpp
C:\DxLib_VC\プロジェクトに追加すべきファイル_VC用\DxLib.h(3344,1): warning C4819: ファイルは、現在のコード ページ (932) で表示できない文字を含んでいます。データの損失を防ぐために、ファイルを Unicode 形式で保存してください。
C:\Users\fko2347062\Documents\GitHub\Game3\Game3D\Player.cpp(46,39): warning C4305: '初期化中': 'double' から 'const float' へ切り詰めます。
C:\Users\fko2347062\Documents\GitHub\Game3\Game3D\Player.cpp(47,39): warning C4305: '初期化中': 'double' から 'const float' へ切り詰めます。
C:\Users\fko2347062\Documents\GitHub\Game3\Game3D\Player.cpp(85,15): warning C4552: '-': 式の結果が使用されていません
C:\Users\fko2347062\Documents\GitHub\Game3\Game3D\Player.cpp(145,38): warning C4244: '引数': 'int' から 'float' への変換です。データが失われる可能性があります。
C:\Users\fko2347062\Documents\GitHub\Game3\Game3D\Player.cpp(145,23): warning C4244: '引数': 'int' から 'float' への変換です。データが失われる可能性があります。
  SceneGame.cpp
C:\DxLib_VC\プロジェクトに追加すべきファイル_VC用\DxLib.h(3344,1): warning C4819: ファイルは、現在のコード ページ (932) で表示できない文字を含んでいます。データの損失を防ぐために、ファイルを Unicode 形式で保存してください。
  SceneOver.cpp
C:\DxLib_VC\プロジェクトに追加すべきファイル_VC用\DxLib.h(3344,1): warning C4819: ファイルは、現在のコード ページ (932) で表示できない文字を含んでいます。データの損失を防ぐために、ファイルを Unicode 形式で保存してください。
  SceneTitle.cpp
C:\DxLib_VC\プロジェクトに追加すべきファイル_VC用\DxLib.h(3344,1): warning C4819: ファイルは、現在のコード ページ (932) で表示できない文字を含んでいます。データの損失を防ぐために、ファイルを Unicode 形式で保存してください。
  コード生成しています。
  2 of 327 functions ( 0.6%) were compiled, the rest were copied from previous compilation.
    0 functions were new in current compilation
    0 functions had inline decision re-evaluated but remain unchanged
  コード生成が終了しました。
  Game3D.vcxproj -> C:\Users\fko2347062\Documents\GitHub\Game3\Game3D\x64\Release\Game3D.exe
